<?xml version="1.0" encoding="UTF-8"?>
<!-- Generated by org.testng.reporters.JUnitXMLReporter -->
<testsuite hostname="dancobygro0020" name="Test002_CheckSearchAreFound" tests="3" failures="1" timestamp="6 Nov 2015 08:24:52 GMT" time="1.189" errors="0">
  <testcase name="checkOfExistingName" time="0.87" classname="denis.trening.CheckSearchAreFound"/>
  <testcase name="search" time="0.034" classname="denis.trening.CheckSearchAreFound"/>
  <testcase name="checkAmount" time="0.05" classname="denis.trening.CheckSearchAreFound">
    <failure type="java.lang.AssertionError">
      <![CDATA[java.lang.AssertionError
	at denis.trening.CheckSearchAreFound.checkAmount(CheckSearchAreFound.java:71)
... Removed 24 stack frames]]>
    </failure>
  </testcase> <!-- checkAmount -->
</testsuite> <!-- Test002_CheckSearchAreFound -->
