<?xml version="1.0" encoding="UTF-8"?>
<!-- Generated by org.testng.reporters.JUnitXMLReporter -->
<testsuite hostname="dancobygro0020" name="Test001_CheckSearchNotFound" tests="2" failures="1" timestamp="6 Nov 2015 08:28:47 GMT" time="61.327" errors="0">
  <testcase name="search" time="0.727" classname="denis.trening.CheckSearchNotFound"/>
  <testcase name="checkAmount" time="60.582" classname="denis.trening.CheckSearchNotFound">
    <failure type="org.openqa.selenium.TimeoutException" message="Build info: version: &amp;apos;2.46.0&amp;apos;, revision: &amp;apos;61506a4624b13675f24581e453592342b7485d71&amp;apos;, time: &amp;apos;2015-06-04 10:22:50&amp;apos;
System info: host: &amp;apos;dancobygro0020&amp;apos;, ip: &amp;apos;192.168.1.149&amp;apos;, os.name: &amp;apos;Windows 8.1&amp;apos;, os.arch: &amp;apos;amd64&amp;apos;, os.version: &amp;apos;6.3&amp;apos;, java.version: &amp;apos;1.8.0_65&amp;apos;
Driver info: driver.version: unknown">
      <![CDATA[org.openqa.selenium.TimeoutException: Build info: version: '2.46.0', revision: '61506a4624b13675f24581e453592342b7485d71', time: '2015-06-04 10:22:50'
System info: host: 'dancobygro0020', ip: '192.168.1.149', os.name: 'Windows 8.1', os.arch: 'amd64', os.version: '6.3', java.version: '1.8.0_65'
Driver info: driver.version: unknown
	at denis.trening.CheckSearchNotFound.checkAmount(CheckSearchNotFound.java:39)
... Removed 24 stack frames]]>
    </failure>
  </testcase> <!-- checkAmount -->
</testsuite> <!-- Test001_CheckSearchNotFound -->
